<?xml version="1.0" encoding="UTF-8"?>
<!-- Generated by org.testng.reporters.JUnitReportReporter -->
<testsuite hostname="BDC7-D-BFLDH92" name="com.wind.ndbweb.ndbAutomation.ReportMAN" tests="7" failures="0" timestamp="16 May 2017 13:43:21 GMT" time="402.392" errors="0">
  <testcase name="manReporttest" time="126.826" classname="com.wind.ndbweb.ndbAutomation.ReportMAN"/>
  <testcase name="manReporttest" time="150.424" classname="com.wind.ndbweb.ndbAutomation.ReportMAN"/>
  <testcase name="manReporttest" time="0.013" classname="com.wind.ndbweb.ndbAutomation.ReportMAN"/>
  <testcase name="manReporttest" time="0.001" classname="com.wind.ndbweb.ndbAutomation.ReportMAN"/>
  <testcase name="manReporttest" time="0.001" classname="com.wind.ndbweb.ndbAutomation.ReportMAN"/>
  <testcase name="manReporttest" time="0.002" classname="com.wind.ndbweb.ndbAutomation.ReportMAN"/>
  <testcase name="manReporttest" time="125.125" classname="com.wind.ndbweb.ndbAutomation.ReportMAN"/>
</testsuite> <!-- com.wind.ndbweb.ndbAutomation.ReportMAN -->
