<?xml version="1.0" encoding="UTF-8"?>
<!-- Generated by org.testng.reporters.JUnitReportReporter -->
<testsuite hostname="BDC7-D-BFLDH92" name="com.wind.ndbweb.ndbAutomation.ReportVendibilty" tests="1" failures="0" timestamp="18 May 2017 11:30:48 GMT" time="102.916" errors="0">
  <testcase name="verifyReportVendibilty" time="102.916" classname="com.wind.ndbweb.ndbAutomation.ReportVendibilty"/>
</testsuite> <!-- com.wind.ndbweb.ndbAutomation.ReportVendibilty -->
