<?xml version="1.0" encoding="UTF-8"?>
<!-- Generated by org.testng.reporters.JUnitReportReporter -->
<testsuite hostname="BDC7-D-BFLDH92" name="com.wind.ndbweb.ndbAutomation.ReportOccupazionePopftth" tests="1" failures="0" timestamp="19 Jun 2017 13:25:26 GMT" time="93.800" errors="0">
  <testcase name="verifyReportOccupazionePopftth" time="93.800" classname="com.wind.ndbweb.ndbAutomation.ReportOccupazionePopftth"/>
</testsuite> <!-- com.wind.ndbweb.ndbAutomation.ReportOccupazionePopftth -->
