<?xml version="1.0" encoding="UTF-8"?>
<!-- Generated by org.testng.reporters.JUnitReportReporter -->
<testsuite hostname="BDC7-L-66BXLV1" name="com.wind.ndbweb.ndbAutomation.LoginTest" tests="1" failures="0" timestamp="18 Sep 2016 04:10:51 GMT" time="0.026" errors="0">
  <testcase name="exampleOfTestNgMaven" time="0.026" classname="com.wind.ndbweb.ndbAutomation.LoginTest"/>
</testsuite> <!-- com.wind.ndbweb.ndbAutomation.LoginTest -->
